# JRE version: Java(TM) SE Runtime Environment (7.0_79-b15) (build 1.7.0_79-b15)
# Java VM: Java HotSpot(TM) 64-Bit Server VM (24.79-b02 mixed mode windows-amd64 compressed oops)
Heap
 PSYoungGen      total 146432K, used 117463K [0x00000000eaa80000, 0x00000000faa00000, 0x0000000100000000)
  eden space 124928K, 82% used [0x00000000eaa80000,0x00000000f0f44af0,0x00000000f2480000)
  from space 21504K, 66% used [0x00000000f2480000,0x00000000f3271508,0x00000000f3980000)
  to   space 30720K, 0% used [0x00000000f8c00000,0x00000000f8c00000,0x00000000faa00000)
 ParOldGen       total 42496K, used 41996K [0x00000000c0000000, 0x00000000c2980000, 0x00000000eaa80000)
  object space 42496K, 98% used [0x00000000c0000000,0x00000000c2903210,0x00000000c2980000)
 PSPermGen       total 21504K, used 6199K [0x00000000bae00000, 0x00000000bc300000, 0x00000000c0000000)
  object space 21504K, 28% used [0x00000000bae00000,0x00000000bb40dd78,0x00000000bc300000)
GC Heap History (10 events):
Event: 4.049 GC heap before
{Heap before GC invocations=6 (full 0):
 PSYoungGen      total 35328K, used 35296K [0x00000000eaa80000, 0x00000000efe80000, 0x0000000100000000)
  eden space 32768K, 100% used [0x00000000eaa80000,0x00000000eca80000,0x00000000eca80000)
  from space 2560K, 98% used [0x00000000eca80000,0x00000000eccf8248,0x00000000ecd00000)
  to   space 10240K, 0% used [0x00000000ef480000,0x00000000ef480000,0x00000000efe80000)
 ParOldGen       total 42496K, used 14504K [0x00000000c0000000, 0x00000000c2980000, 0x00000000eaa80000)
  object space 42496K, 34% used [0x00000000c0000000,0x00000000c0e2a2f8,0x00000000c2980000)
 PSPermGen       total 21504K, used 6005K [0x00000000bae00000, 0x00000000bc300000, 0x00000000c0000000)
  object space 21504K, 27% used [0x00000000bae00000,0x00000000bb3dd710,0x00000000bc300000)
Event: 4.067 GC heap after
Heap after GC invocations=6 (full 0):
 PSYoungGen      total 75264K, used 8062K [0x00000000eaa80000, 0x00000000eff80000, 0x0000000100000000)
  eden space 65024K, 0% used [0x00000000eaa80000,0x00000000eaa80000,0x00000000eea00000)
  from space 10240K, 78% used [0x00000000ef480000,0x00000000efc5f900,0x00000000efe80000)
  to   space 10752K, 0% used [0x00000000eea00000,0x00000000eea00000,0x00000000ef480000)
 ParOldGen       total 42496K, used 14504K [0x00000000c0000000, 0x00000000c2980000, 0x00000000eaa80000)
  object space 42496K, 34% used [0x00000000c0000000,0x00000000c0e2a2f8,0x00000000c2980000)
 PSPermGen       total 21504K, used 6005K [0x00000000bae00000, 0x00000000bc300000, 0x00000000c0000000)
  object space 21504K, 27% used [0x00000000bae00000,0x00000000bb3dd710,0x00000000bc300000)
}
Event: 4.686 GC heap before
{Heap before GC invocations=7 (full 0):
 PSYoungGen      total 75264K, used 73086K [0x00000000eaa80000, 0x00000000eff80000, 0x0000000100000000)
  eden space 65024K, 100% used [0x00000000eaa80000,0x00000000eea00000,0x00000000eea00000)
  from space 10240K, 78% used [0x00000000ef480000,0x00000000efc5f900,0x00000000efe80000)
  to   space 10752K, 0% used [0x00000000eea00000,0x00000000eea00000,0x00000000ef480000)
 ParOldGen       total 42496K, used 14504K [0x00000000c0000000, 0x00000000c2980000, 0x00000000eaa80000)
  object space 42496K, 34% used [0x00000000c0000000,0x00000000c0e2a2f8,0x00000000c2980000)
 PSPermGen       total 21504K, used 6050K [0x00000000bae00000, 0x00000000bc300000, 0x00000000c0000000)
  object space 21504K, 28% used [0x00000000bae00000,0x00000000bb3e8a68,0x00000000bc300000)
Event: 4.718 GC heap after
Heap after GC invocations=7 (full 0):
 PSYoungGen      total 75776K, used 10746K [0x00000000eaa80000, 0x00000000f4980000, 0x0000000100000000)
  eden space 65024K, 0% used [0x00000000eaa80000,0x00000000eaa80000,0x00000000eea00000)
  from space 10752K, 99% used [0x00000000eea00000,0x00000000ef47e960,0x00000000ef480000)
  to   space 16384K, 0% used [0x00000000f3980000,0x00000000f3980000,0x00000000f4980000)
 ParOldGen       total 42496K, used 21708K [0x00000000c0000000, 0x00000000c2980000, 0x00000000eaa80000)
  object space 42496K, 51% used [0x00000000c0000000,0x00000000c1533050,0x00000000c2980000)
 PSPermGen       total 21504K, used 6050K [0x00000000bae00000, 0x00000000bc300000, 0x00000000c0000000)
  object space 21504K, 28% used [0x00000000bae00000,0x00000000bb3e8a68,0x00000000bc300000)
}
Event: 5.232 GC heap before
{Heap before GC invocations=8 (full 0):
 PSYoungGen      total 75776K, used 75770K [0x00000000eaa80000, 0x00000000f4980000, 0x0000000100000000)
  eden space 65024K, 100% used [0x00000000eaa80000,0x00000000eea00000,0x00000000eea00000)
  from space 10752K, 99% used [0x00000000eea00000,0x00000000ef47e960,0x00000000ef480000)
  to   space 16384K, 0% used [0x00000000f3980000,0x00000000f3980000,0x00000000f4980000)
 ParOldGen       total 42496K, used 21708K [0x00000000c0000000, 0x00000000c2980000, 0x00000000eaa80000)
  object space 42496K, 51% used [0x00000000c0000000,0x00000000c1533050,0x00000000c2980000)
 PSPermGen       total 21504K, used 6071K [0x00000000bae00000, 0x00000000bc300000, 0x00000000c0000000)
  object space 21504K, 28% used [0x00000000bae00000,0x00000000bb3edc10,0x00000000bc300000)
Event: 5.274 GC heap after
Heap after GC invocations=8 (full 0):
 PSYoungGen      total 141312K, used 16371K [0x00000000eaa80000, 0x00000000f5380000, 0x0000000100000000)
  eden space 124928K, 0% used [0x00000000eaa80000,0x00000000eaa80000,0x00000000f2480000)
  from space 16384K, 99% used [0x00000000f3980000,0x00000000f497cf98,0x00000000f4980000)
  to   space 21504K, 0% used [0x00000000f2480000,0x00000000f2480000,0x00000000f3980000)
 ParOldGen       total 42496K, used 26499K [0x00000000c0000000, 0x00000000c2980000, 0x00000000eaa80000)
  object space 42496K, 62% used [0x00000000c0000000,0x00000000c19e0fc0,0x00000000c2980000)
 PSPermGen       total 21504K, used 6071K [0x00000000bae00000, 0x00000000bc300000, 0x00000000c0000000)
  object space 21504K, 28% used [0x00000000bae00000,0x00000000bb3edc10,0x00000000bc300000)
}
Event: 5.943 GC heap before
{Heap before GC invocations=9 (full 0):
 PSYoungGen      total 141312K, used 141299K [0x00000000eaa80000, 0x00000000f5380000, 0x0000000100000000)
  eden space 124928K, 100% used [0x00000000eaa80000,0x00000000f2480000,0x00000000f2480000)
  from space 16384K, 99% used [0x00000000f3980000,0x00000000f497cf98,0x00000000f4980000)
  to   space 21504K, 0% used [0x00000000f2480000,0x00000000f2480000,0x00000000f3980000)
 ParOldGen       total 42496K, used 26499K [0x00000000c0000000, 0x00000000c2980000, 0x00000000eaa80000)
  object space 42496K, 62% used [0x00000000c0000000,0x00000000c19e0fc0,0x00000000c2980000)
 PSPermGen       total 21504K, used 6140K [0x00000000bae00000, 0x00000000bc300000, 0x00000000c0000000)
  object space 21504K, 28% used [0x00000000bae00000,0x00000000bb3ff010,0x00000000bc300000)
Event: 6.029 GC heap after
Heap after GC invocations=9 (full 0):
 PSYoungGen      total 146432K, used 21486K [0x00000000eaa80000, 0x00000000faa00000, 0x0000000100000000)
  eden space 124928K, 0% used [0x00000000eaa80000,0x00000000eaa80000,0x00000000f2480000)
  from space 21504K, 99% used [0x00000000f2480000,0x00000000f397ba68,0x00000000f3980000)
  to   space 30720K, 0% used [0x00000000f8c00000,0x00000000f8c00000,0x00000000faa00000)
 ParOldGen       total 42496K, used 40099K [0x00000000c0000000, 0x00000000c2980000, 0x00000000eaa80000)
  object space 42496K, 94% used [0x00000000c0000000,0x00000000c2728c10,0x00000000c2980000)
 PSPermGen       total 21504K, used 6140K [0x00000000bae00000, 0x00000000bc300000, 0x00000000c0000000)
  object space 21504K, 28% used [0x00000000bae00000,0x00000000bb3ff010,0x00000000bc300000)
}
Event: 6.029 GC heap before
{Heap before GC invocations=10 (full 1):
 PSYoungGen      total 146432K, used 21486K [0x00000000eaa80000, 0x00000000faa00000, 0x0000000100000000)
  eden space 124928K, 0% used [0x00000000eaa80000,0x00000000eaa80000,0x00000000f2480000)
  from space 21504K, 99% used [0x00000000f2480000,0x00000000f397ba68,0x00000000f3980000)
  to   space 30720K, 0% used [0x00000000f8c00000,0x00000000f8c00000,0x00000000faa00000)
 ParOldGen       total 42496K, used 40099K [0x00000000c0000000, 0x00000000c2980000, 0x00000000eaa80000)
  object space 42496K, 94% used [0x00000000c0000000,0x00000000c2728c10,0x00000000c2980000)
 PSPermGen       total 21504K, used 6140K [0x00000000bae00000, 0x00000000bc300000, 0x00000000c0000000)
  object space 21504K, 28% used [0x00000000bae00000,0x00000000bb3ff010,0x00000000bc300000)
Event: 7.102 GC heap after
Heap after GC invocations=10 (full 1):
 PSYoungGen      total 146432K, used 14277K [0x00000000eaa80000, 0x00000000faa00000, 0x0000000100000000)
  eden space 124928K, 0% used [0x00000000eaa80000,0x00000000eaa80000,0x00000000f2480000)
  from space 21504K, 66% used [0x00000000f2480000,0x00000000f3271508,0x00000000f3980000)
  to   space 30720K, 0% used [0x00000000f8c00000,0x00000000f8c00000,0x00000000faa00000)
 ParOldGen       total 42496K, used 41996K [0x00000000c0000000, 0x00000000c2980000, 0x00000000eaa80000)
  object space 42496K, 98% used [0x00000000c0000000,0x00000000c2903210,0x00000000c2980000)
 PSPermGen       total 21504K, used 6134K [0x00000000bae00000, 0x00000000bc300000, 0x00000000c0000000)
  object space 21504K, 28% used [0x00000000bae00000,0x00000000bb3fda70,0x00000000bc300000)
}

