# JRE version: Java(TM) SE Runtime Environment (7.0_79-b15) (build 1.7.0_79-b15)
# Java VM: Java HotSpot(TM) 64-Bit Server VM (24.79-b02 mixed mode windows-amd64 compressed oops)
Heap
 PSYoungGen      total 159232K, used 159202K [0x00000000eaa80000, 0x00000000fa200000, 0x0000000100000000)
  eden space 109568K, 100% used [0x00000000eaa80000,0x00000000f1580000,0x00000000f1580000)
  from space 49664K, 99% used [0x00000000f7180000,0x00000000fa1f8af8,0x00000000fa200000)
  to   space 33280K, 3% used [0x00000000f1580000,0x00000000f1684b60,0x00000000f3600000)
 ParOldGen       total 145408K, used 85338K [0x00000000c0000000, 0x00000000c8e00000, 0x00000000eaa80000)
  object space 145408K, 58% used [0x00000000c0000000,0x00000000c5364a98,0x00000000c8e00000)
 PSPermGen       total 21504K, used 6044K [0x00000000bae00000, 0x00000000bc300000, 0x00000000c0000000)
  object space 21504K, 28% used [0x00000000bae00000,0x00000000bb3e7230,0x00000000bc300000)
GC Heap History (10 events):
Event: 14.664 GC heap after
Heap after GC invocations=8 (full 1):
 PSYoungGen      total 74240K, used 2033K [0x00000000eaa80000, 0x00000000f5680000, 0x0000000100000000)
  eden space 65024K, 0% used [0x00000000eaa80000,0x00000000eaa80000,0x00000000eea00000)
  from space 9216K, 22% used [0x00000000eea00000,0x00000000eebfc620,0x00000000ef300000)
  to   space 23040K, 0% used [0x00000000f4000000,0x00000000f4000000,0x00000000f5680000)
 ParOldGen       total 80896K, used 42240K [0x00000000c0000000, 0x00000000c4f00000, 0x00000000eaa80000)
  object space 80896K, 52% used [0x00000000c0000000,0x00000000c29403b0,0x00000000c4f00000)
 PSPermGen       total 21504K, used 6008K [0x00000000bae00000, 0x00000000bc300000, 0x00000000c0000000)
  object space 21504K, 27% used [0x00000000bae00000,0x00000000bb3de0c8,0x00000000bc300000)
}
Event: 14.745 GC heap before
{Heap before GC invocations=9 (full 1):
 PSYoungGen      total 74240K, used 67057K [0x00000000eaa80000, 0x00000000f5680000, 0x0000000100000000)
  eden space 65024K, 100% used [0x00000000eaa80000,0x00000000eea00000,0x00000000eea00000)
  from space 9216K, 22% used [0x00000000eea00000,0x00000000eebfc620,0x00000000ef300000)
  to   space 23040K, 0% used [0x00000000f4000000,0x00000000f4000000,0x00000000f5680000)
 ParOldGen       total 80896K, used 42240K [0x00000000c0000000, 0x00000000c4f00000, 0x00000000eaa80000)
  object space 80896K, 52% used [0x00000000c0000000,0x00000000c29403b0,0x00000000c4f00000)
 PSPermGen       total 21504K, used 6008K [0x00000000bae00000, 0x00000000bc300000, 0x00000000c0000000)
  object space 21504K, 27% used [0x00000000bae00000,0x00000000bb3de0c8,0x00000000bc300000)
Event: 14.781 GC heap after
Heap after GC invocations=9 (full 1):
 PSYoungGen      total 130560K, used 23009K [0x00000000eaa80000, 0x00000000f5680000, 0x0000000100000000)
  eden space 107520K, 0% used [0x00000000eaa80000,0x00000000eaa80000,0x00000000f1380000)
  from space 23040K, 99% used [0x00000000f4000000,0x00000000f5678790,0x00000000f5680000)
  to   space 33280K, 0% used [0x00000000f1580000,0x00000000f1580000,0x00000000f3600000)
 ParOldGen       total 80896K, used 55527K [0x00000000c0000000, 0x00000000c4f00000, 0x00000000eaa80000)
  object space 80896K, 68% used [0x00000000c0000000,0x00000000c3639e78,0x00000000c4f00000)
 PSPermGen       total 21504K, used 6008K [0x00000000bae00000, 0x00000000bc300000, 0x00000000c0000000)
  object space 21504K, 27% used [0x00000000bae00000,0x00000000bb3de0c8,0x00000000bc300000)
}
Event: 15.123 GC heap before
{Heap before GC invocations=10 (full 1):
 PSYoungGen      total 130560K, used 130529K [0x00000000eaa80000, 0x00000000f5680000, 0x0000000100000000)
  eden space 107520K, 100% used [0x00000000eaa80000,0x00000000f1380000,0x00000000f1380000)
  from space 23040K, 99% used [0x00000000f4000000,0x00000000f5678790,0x00000000f5680000)
  to   space 33280K, 0% used [0x00000000f1580000,0x00000000f1580000,0x00000000f3600000)
 ParOldGen       total 80896K, used 55527K [0x00000000c0000000, 0x00000000c4f00000, 0x00000000eaa80000)
  object space 80896K, 68% used [0x00000000c0000000,0x00000000c3639e78,0x00000000c4f00000)
 PSPermGen       total 21504K, used 6022K [0x00000000bae00000, 0x00000000bc300000, 0x00000000c0000000)
  object space 21504K, 28% used [0x00000000bae00000,0x00000000bb3e1938,0x00000000bc300000)
Event: 15.194 GC heap after
Heap after GC invocations=10 (full 1):
 PSYoungGen      total 142848K, used 33257K [0x00000000eaa80000, 0x00000000fa200000, 0x0000000100000000)
  eden space 109568K, 0% used [0x00000000eaa80000,0x00000000eaa80000,0x00000000f1580000)
  from space 33280K, 99% used [0x00000000f1580000,0x00000000f35fa700,0x00000000f3600000)
  to   space 49664K, 0% used [0x00000000f7180000,0x00000000f7180000,0x00000000fa200000)
 ParOldGen       total 81920K, used 81616K [0x00000000c0000000, 0x00000000c5000000, 0x00000000eaa80000)
  object space 81920K, 99% used [0x00000000c0000000,0x00000000c4fb4078,0x00000000c5000000)
 PSPermGen       total 21504K, used 6022K [0x00000000bae00000, 0x00000000bc300000, 0x00000000c0000000)
  object space 21504K, 28% used [0x00000000bae00000,0x00000000bb3e1938,0x00000000bc300000)
}
Event: 15.194 GC heap before
{Heap before GC invocations=11 (full 2):
 PSYoungGen      total 142848K, used 33257K [0x00000000eaa80000, 0x00000000fa200000, 0x0000000100000000)
  eden space 109568K, 0% used [0x00000000eaa80000,0x00000000eaa80000,0x00000000f1580000)
  from space 33280K, 99% used [0x00000000f1580000,0x00000000f35fa700,0x00000000f3600000)
  to   space 49664K, 0% used [0x00000000f7180000,0x00000000f7180000,0x00000000fa200000)
 ParOldGen       total 81920K, used 81616K [0x00000000c0000000, 0x00000000c5000000, 0x00000000eaa80000)
  object space 81920K, 99% used [0x00000000c0000000,0x00000000c4fb4078,0x00000000c5000000)
 PSPermGen       total 21504K, used 6022K [0x00000000bae00000, 0x00000000bc300000, 0x00000000c0000000)
  object space 21504K, 28% used [0x00000000bae00000,0x00000000bb3e1938,0x00000000bc300000)
Event: 15.724 GC heap after
Heap after GC invocations=11 (full 2):
 PSYoungGen      total 142848K, used 27052K [0x00000000eaa80000, 0x00000000fa200000, 0x0000000100000000)
  eden space 109568K, 0% used [0x00000000eaa80000,0x00000000eaa80000,0x00000000f1580000)
  from space 33280K, 81% used [0x00000000f1580000,0x00000000f2feb1e8,0x00000000f3600000)
  to   space 49664K, 0% used [0x00000000f7180000,0x00000000f7180000,0x00000000fa200000)
 ParOldGen       total 81920K, used 81551K [0x00000000c0000000, 0x00000000c5000000, 0x00000000eaa80000)
  object space 81920K, 99% used [0x00000000c0000000,0x00000000c4fa3cd0,0x00000000c5000000)
 PSPermGen       total 21504K, used 6022K [0x00000000bae00000, 0x00000000bc300000, 0x00000000c0000000)
  object space 21504K, 28% used [0x00000000bae00000,0x00000000bb3e1938,0x00000000bc300000)
}
Event: 16.487 GC heap before
{Heap before GC invocations=12 (full 3):
 PSYoungGen      total 142848K, used 136620K [0x00000000eaa80000, 0x00000000fa200000, 0x0000000100000000)
  eden space 109568K, 100% used [0x00000000eaa80000,0x00000000f1580000,0x00000000f1580000)
  from space 33280K, 81% used [0x00000000f1580000,0x00000000f2feb1e8,0x00000000f3600000)
  to   space 49664K, 0% used [0x00000000f7180000,0x00000000f7180000,0x00000000fa200000)
 ParOldGen       total 81920K, used 81551K [0x00000000c0000000, 0x00000000c5000000, 0x00000000eaa80000)
  object space 81920K, 99% used [0x00000000c0000000,0x00000000c4fa3cd0,0x00000000c5000000)
 PSPermGen       total 21504K, used 6031K [0x00000000bae00000, 0x00000000bc300000, 0x00000000c0000000)
  object space 21504K, 28% used [0x00000000bae00000,0x00000000bb3e3c68,0x00000000bc300000)
Event: 16.849 GC heap after
Heap after GC invocations=12 (full 3):
 PSYoungGen      total 142848K, used 0K [0x00000000eaa80000, 0x00000000fa200000, 0x0000000100000000)
  eden space 109568K, 0% used [0x00000000eaa80000,0x00000000eaa80000,0x00000000f1580000)
  from space 33280K, 0% used [0x00000000f1580000,0x00000000f1580000,0x00000000f3600000)
  to   space 49664K, 0% used [0x00000000f7180000,0x00000000f7180000,0x00000000fa200000)
 ParOldGen       total 145408K, used 63864K [0x00000000c0000000, 0x00000000c8e00000, 0x00000000eaa80000)
  object space 145408K, 43% used [0x00000000c0000000,0x00000000c3e5e050,0x00000000c8e00000)
 PSPermGen       total 21504K, used 6030K [0x00000000bae00000, 0x00000000bc300000, 0x00000000c0000000)
  object space 21504K, 28% used [0x00000000bae00000,0x00000000bb3e3b08,0x00000000bc300000)
}
Event: 17.019 GC heap before
{Heap before GC invocations=13 (full 3):
 PSYoungGen      total 142848K, used 109568K [0x00000000eaa80000, 0x00000000fa200000, 0x0000000100000000)
  eden space 109568K, 100% used [0x00000000eaa80000,0x00000000f1580000,0x00000000f1580000)
  from space 33280K, 0% used [0x00000000f1580000,0x00000000f1580000,0x00000000f3600000)
  to   space 49664K, 0% used [0x00000000f7180000,0x00000000f7180000,0x00000000fa200000)
 ParOldGen       total 145408K, used 63864K [0x00000000c0000000, 0x00000000c8e00000, 0x00000000eaa80000)
  object space 145408K, 43% used [0x00000000c0000000,0x00000000c3e5e050,0x00000000c8e00000)
 PSPermGen       total 21504K, used 6037K [0x00000000bae00000, 0x00000000bc300000, 0x00000000c0000000)
  object space 21504K, 28% used [0x00000000bae00000,0x00000000bb3e57d8,0x00000000bc300000)

